<?xml version="1.0" encoding="UTF-8"?>
<!-- Generated by org.testng.reporters.JUnitReportReporter -->
<testsuite hostname="DESKTOP-A4ESFCN" failures="0" tests="1" name="testcasePakage.TestcaseLocator001" time="10.987" errors="0" timestamp="2022-03-13T23:34:58 BDT" skipped="0">
  <testcase classname="testcasePakage.TestcaseLocator001" name="LocatorSetup" time="10.987"/>
  <system-out/>
</testsuite> <!-- testcasePakage.TestcaseLocator001 -->
