<?xml version="1.0" encoding="UTF-8"?>
<!-- Generated by org.testng.reporters.JUnitReportReporter -->
<testsuite skipped="0" hostname="DESKTOP-A4ESFCN" name="testcasePakage.TestcaseLocator001" tests="1" failures="0" timestamp="2022-03-04T22:24:09 BDT" time="15.548" errors="0">
  <testcase name="LocatorSetup" time="15.548" classname="testcasePakage.TestcaseLocator001"/>
  <system-out/>
</testsuite> <!-- testcasePakage.TestcaseLocator001 -->
